TN:
SF:src/config/auth.ts
FNF:0
FNH:0
DA:1,1
DA:2,1
DA:3,1
DA:4,1
DA:5,1
DA:6,1
LF:6
LH:6
BRDA:1,0,0,1
BRF:1
BRH:1
end_of_record
TN:
SF:src/modules/appointments/infra/typeorm/entities/Appointment.ts
FNF:0
FNH:0
DA:1,1
DA:2,1
DA:3,1
DA:4,1
DA:5,1
DA:6,1
DA:7,1
DA:8,1
DA:9,1
DA:10,1
DA:11,1
DA:12,1
DA:13,1
DA:14,1
DA:15,1
DA:16,1
DA:17,1
DA:18,1
DA:19,1
DA:20,1
DA:21,1
DA:22,1
DA:23,1
DA:24,1
DA:25,1
DA:26,1
DA:27,1
DA:28,1
LF:28
LH:28
BRF:0
BRH:0
end_of_record
TN:
SF:src/modules/appointments/repositories/IAppointmensRepository.ts
FNF:0
FNH:0
DA:1,1
DA:2,1
DA:3,1
DA:4,1
DA:5,1
DA:6,1
DA:7,1
DA:8,1
DA:9,1
DA:10,1
DA:11,1
DA:12,1
DA:13,1
LF:13
LH:13
BRF:0
BRH:0
end_of_record
TN:
SF:src/modules/appointments/repositories/fakes/FakeAppointmentsRepository.ts
FN:11,FakeAppointmentsRepository
FN:14,findAllInDayFromProvider
FN:25,findAllInMounthProvider
FN:35,findByDate
FN:43,findAllByProvider
FN:50,create
FNF:6
FNH:6
FNDA:2,FakeAppointmentsRepository
FNDA:1,findAllInDayFromProvider
FNDA:1,findAllInMounthProvider
FNDA:6,findByDate
FNDA:1,findAllByProvider
FNDA:13,create
DA:1,1
DA:2,1
DA:3,1
DA:4,1
DA:5,1
DA:6,1
DA:7,1
DA:8,1
DA:9,1
DA:10,1
DA:11,2
DA:12,2
DA:13,2
DA:14,2
DA:15,1
DA:16,2
DA:17,2
DA:18,2
DA:19,2
DA:20,1
DA:21,1
DA:22,1
DA:23,1
DA:24,2
DA:25,2
DA:26,1
DA:27,11
DA:28,11
DA:29,11
DA:30,1
DA:31,1
DA:32,1
DA:33,1
DA:34,2
DA:35,2
DA:36,6
DA:37,6
DA:38,6
DA:39,6
DA:40,6
DA:41,6
DA:42,2
DA:43,2
DA:44,1
DA:45,1
DA:46,1
DA:47,1
DA:48,1
DA:49,2
DA:50,2
DA:51,13
DA:52,13
DA:53,13
DA:54,13
DA:55,13
DA:56,2
DA:57,1
DA:58,1
LF:58
LH:58
BRDA:11,0,0,2
BRDA:14,1,0,1
BRDA:15,2,0,2
BRDA:25,3,0,1
BRDA:26,4,0,11
BRDA:35,5,0,6
BRDA:40,6,0,5
BRDA:36,7,0,4
BRDA:43,8,0,1
BRDA:45,9,0,3
BRDA:50,10,0,13
BRF:11
BRH:11
end_of_record
TN:
SF:src/modules/appointments/services/CreateAppointmentService.ts
FN:15,CreateAppointmentService
FN:20,execute
FNF:2
FNH:2
FNDA:3,CreateAppointmentService
FNDA:6,execute
DA:1,1
DA:2,1
DA:3,1
DA:4,1
DA:5,1
DA:6,1
DA:7,1
DA:8,1
DA:9,1
DA:10,1
DA:11,1
DA:12,1
DA:13,1
DA:14,1
DA:15,1
DA:16,3
DA:17,3
DA:18,3
DA:19,1
DA:20,1
DA:21,6
DA:22,6
DA:23,6
DA:24,6
DA:25,6
DA:26,6
DA:27,6
DA:28,1
DA:29,1
DA:30,5
DA:31,5
DA:32,5
DA:33,5
DA:34,5
DA:35,5
DA:36,5
DA:37,5
DA:38,5
DA:39,1
DA:40,1
DA:41,1
LF:41
LH:41
BRDA:15,0,0,3
BRDA:20,1,0,6
BRDA:27,2,0,1
BRDA:30,3,0,5
BRF:4
BRH:4
end_of_record
TN:
SF:src/modules/appointments/services/ListAppointmentsService.ts
FN:12,ListAppointmentsService
FN:17,execute
FNF:2
FNH:2
FNDA:3,ListAppointmentsService
FNDA:1,execute
DA:1,1
DA:2,1
DA:3,1
DA:4,1
DA:5,1
DA:6,1
DA:7,1
DA:8,1
DA:9,1
DA:10,1
DA:11,1
DA:12,1
DA:13,3
DA:14,3
DA:15,3
DA:16,1
DA:17,1
DA:18,1
DA:19,1
DA:20,1
DA:21,1
DA:22,1
DA:23,1
DA:24,1
LF:24
LH:24
BRDA:12,0,0,3
BRDA:17,1,0,1
BRF:2
BRH:2
end_of_record
TN:
SF:src/modules/appointments/services/ListProviderDayAvailabilityService.ts
FN:20,ListProviderDayAvailabilityService
FN:25,execute
FNF:2
FNH:2
FNDA:1,ListProviderDayAvailabilityService
FNDA:1,execute
DA:1,1
DA:2,1
DA:3,1
DA:4,1
DA:5,1
DA:6,1
DA:7,1
DA:8,1
DA:9,1
DA:10,1
DA:11,1
DA:12,1
DA:13,1
DA:14,1
DA:15,1
DA:16,1
DA:17,1
DA:18,1
DA:19,1
DA:20,1
DA:21,1
DA:22,1
DA:23,1
DA:24,1
DA:25,1
DA:26,1
DA:27,1
DA:28,1
DA:29,1
DA:30,1
DA:31,1
DA:32,1
DA:33,1
DA:34,1
DA:35,1
DA:36,1
DA:37,1
DA:38,1
DA:39,1
DA:40,1
DA:41,10
DA:42,19
DA:43,10
DA:44,10
DA:45,10
DA:46,10
DA:47,10
DA:48,10
DA:49,1
DA:50,1
DA:51,1
DA:52,1
DA:53,1
DA:54,1
DA:55,1
DA:56,1
LF:56
LH:56
BRDA:20,0,0,1
BRDA:25,1,0,1
BRDA:37,2,0,10
BRDA:40,3,0,10
BRDA:41,4,0,19
BRF:5
BRH:5
end_of_record
TN:
SF:src/modules/appointments/services/ListProviderMonthAvailabilityService.ts
FN:19,ListProviderMonthAvailabilityService
FN:24,execute
FNF:2
FNH:2
FNDA:1,ListProviderMonthAvailabilityService
FNDA:1,execute
DA:1,1
DA:2,1
DA:3,1
DA:4,1
DA:5,1
DA:6,1
DA:7,1
DA:8,1
DA:9,1
DA:10,1
DA:11,1
DA:12,1
DA:13,1
DA:14,1
DA:15,1
DA:16,1
DA:17,1
DA:18,1
DA:19,1
DA:20,1
DA:21,1
DA:22,1
DA:23,1
DA:24,1
DA:25,1
DA:26,1
DA:27,1
DA:28,1
DA:29,1
DA:30,1
DA:31,1
DA:32,1
DA:33,1
DA:34,1
DA:35,1
DA:36,1
DA:37,1
DA:38,1
DA:39,1
DA:40,1
DA:41,1
DA:42,31
DA:43,341
DA:44,31
DA:45,31
DA:46,31
DA:47,31
DA:48,31
DA:49,31
DA:50,1
DA:51,1
DA:52,1
DA:53,1
DA:54,1
DA:55,1
DA:56,1
LF:56
LH:56
BRDA:19,0,0,1
BRDA:24,1,0,1
BRDA:38,2,0,31
BRDA:41,3,0,31
BRDA:42,4,0,341
BRF:5
BRH:5
end_of_record
TN:
SF:src/modules/appointments/services/ListProvidersService.ts
FN:13,ListProvidersService
FN:18,execute
FNF:2
FNH:2
FNDA:1,ListProvidersService
FNDA:1,execute
DA:1,1
DA:2,1
DA:3,1
DA:4,1
DA:5,1
DA:6,1
DA:7,1
DA:8,1
DA:9,1
DA:10,1
DA:11,1
DA:12,1
DA:13,1
DA:14,1
DA:15,1
DA:16,1
DA:17,1
DA:18,1
DA:19,1
DA:20,1
DA:21,1
DA:22,1
DA:23,1
DA:24,1
DA:25,1
DA:26,1
DA:27,1
LF:27
LH:27
BRDA:13,0,0,1
BRDA:18,1,0,1
BRF:2
BRH:2
end_of_record
TN:
SF:src/modules/users/infra/typeorm/entities/User.ts
FN:1,__decorate
FNF:1
FNH:1
FNDA:24,__decorate
DA:1,3
DA:2,24
DA:3,24
DA:4,24
DA:5,24
DA:6,24
DA:7,0
DA:8,0
DA:9,0
DA:10,0
DA:11,0
DA:12,24
DA:13,24
DA:14,24
DA:15,24
DA:16,24
DA:17,24
DA:18,24
DA:19,24
DA:20,24
DA:21,24
DA:22,24
DA:23,0
DA:24,0
DA:25,0
DA:26,0
DA:27,0
DA:28,0
DA:29,0
LF:29
LH:17
BRDA:1,0,0,3
BRDA:1,1,0,24
BRDA:6,2,0,3
BRDA:6,3,0,21
BRDA:6,4,0,0
BRDA:22,5,0,0
BRF:6
BRH:4
end_of_record
TN:
SF:src/modules/users/infra/typeorm/entities/UserToken.ts
FN:1,__decorate
FNF:1
FNH:1
FNDA:6,__decorate
DA:1,1
DA:2,6
DA:3,6
DA:4,6
DA:5,5
DA:6,5
DA:7,0
DA:8,0
DA:9,0
DA:10,6
DA:11,6
DA:12,6
DA:13,6
DA:14,6
DA:15,6
DA:16,6
DA:17,6
DA:18,6
DA:19,6
DA:20,0
DA:21,0
DA:22,0
DA:23,0
DA:24,0
LF:24
LH:16
BRDA:1,0,0,1
BRDA:1,1,0,6
BRDA:4,2,0,1
BRDA:4,3,0,5
BRDA:6,4,0,0
BRDA:19,5,0,0
BRF:6
BRH:4
end_of_record
TN:
SF:src/modules/users/providers/HashProvider/fakes/FakeHashProvider.ts
FN:5,generateHash
FN:9,compareHash
FNF:2
FNH:2
FNDA:3,generateHash
FNDA:2,compareHash
DA:1,1
DA:2,1
DA:3,1
DA:4,1
DA:5,1
DA:6,3
DA:7,1
DA:8,1
DA:9,1
DA:10,2
DA:11,1
DA:12,1
LF:12
LH:12
BRDA:5,0,0,3
BRDA:9,1,0,2
BRF:2
BRH:2
end_of_record
TN:
SF:src/modules/users/providers/HashProvider/models/IHashProvider.ts
FNF:0
FNH:0
DA:1,1
DA:2,1
DA:3,1
DA:4,1
LF:4
LH:4
BRF:0
BRH:0
end_of_record
TN:
SF:src/modules/users/repositories/IUserTokenRepository.ts
FNF:0
FNH:0
DA:1,1
DA:2,1
DA:3,1
DA:4,1
DA:5,1
DA:6,1
DA:7,1
LF:7
LH:7
BRF:0
BRH:0
end_of_record
TN:
SF:src/modules/users/repositories/IUsersRepository.ts
FNF:0
FNH:0
DA:1,1
DA:2,1
DA:3,1
DA:4,1
DA:5,1
DA:6,1
DA:7,1
DA:8,1
DA:9,1
DA:10,1
DA:11,1
LF:11
LH:11
BRF:0
BRH:0
end_of_record
TN:
SF:src/modules/users/repositories/fakes/FakeUserRepository.ts
FN:7,FakeUsersRepository
FN:10,findAllProviders
FN:20,findById
FN:25,findByEmail
FN:30,create
FN:37,save
FNF:6
FNH:6
FNDA:8,FakeUsersRepository
FNDA:1,findAllProviders
FNDA:10,findById
FNDA:8,findByEmail
FNDA:5,create
FNDA:4,save
DA:1,1
DA:2,1
DA:3,1
DA:4,1
DA:5,1
DA:6,1
DA:7,8
DA:8,8
DA:9,8
DA:10,8
DA:11,1
DA:12,1
DA:13,1
DA:14,1
DA:15,1
DA:16,1
DA:17,1
DA:18,1
DA:19,8
DA:20,8
DA:21,10
DA:22,10
DA:23,10
DA:24,8
DA:25,8
DA:26,8
DA:27,8
DA:28,8
DA:29,8
DA:30,8
DA:31,5
DA:32,5
DA:33,5
DA:34,5
DA:35,5
DA:36,8
DA:37,8
DA:38,4
DA:39,4
DA:40,4
DA:41,4
DA:42,8
DA:43,1
DA:44,1
LF:44
LH:44
BRDA:7,0,0,8
BRDA:10,1,0,1
BRDA:14,2,0,3
BRDA:20,3,0,10
BRDA:22,4,0,3
BRDA:21,5,0,7
BRDA:25,6,0,8
BRDA:27,7,0,5
BRDA:26,8,0,3
BRDA:30,9,0,5
BRDA:37,10,0,4
BRDA:38,11,0,4
BRF:12
BRH:12
end_of_record
TN:
SF:src/modules/users/repositories/fakes/FakeUserTokenRepository.ts
FN:5,FakeUserTokenRepository
FN:8,generete
FN:24,findByToken
FNF:3
FNH:3
FNDA:4,FakeUserTokenRepository
FNDA:3,generete
FNDA:4,findByToken
DA:1,1
DA:2,1
DA:3,1
DA:4,1
DA:5,4
DA:6,4
DA:7,4
DA:8,4
DA:9,3
DA:10,3
DA:11,3
DA:12,3
DA:13,3
DA:14,3
DA:15,3
DA:16,3
DA:17,3
DA:18,3
DA:19,3
DA:20,3
DA:21,3
DA:22,3
DA:23,4
DA:24,4
DA:25,4
DA:26,4
DA:27,4
DA:28,4
DA:29,4
DA:30,4
DA:31,4
DA:32,1
DA:33,1
LF:33
LH:33
BRDA:5,0,0,4
BRDA:8,1,0,3
BRDA:24,2,0,4
BRDA:26,3,0,1
BRDA:25,4,0,3
BRF:5
BRH:5
end_of_record
TN:
SF:src/modules/users/services/AuthenticateUserService.ts
FN:21,AuthenticateUserService
FN:29,execute
FNF:2
FNH:2
FNDA:3,AuthenticateUserService
FNDA:3,execute
DA:1,1
DA:2,1
DA:3,1
DA:4,1
DA:5,1
DA:6,1
DA:7,1
DA:8,1
DA:9,1
DA:10,1
DA:11,1
DA:12,1
DA:13,1
DA:14,1
DA:15,1
DA:16,1
DA:17,1
DA:18,1
DA:19,1
DA:20,1
DA:21,1
DA:22,3
DA:23,3
DA:24,3
DA:25,3
DA:26,3
DA:27,3
DA:28,1
DA:29,1
DA:30,3
DA:31,3
DA:32,3
DA:33,3
DA:34,1
DA:35,1
DA:36,2
DA:37,2
DA:38,2
DA:39,2
DA:40,3
DA:41,1
DA:42,1
DA:43,1
DA:44,1
DA:45,1
DA:46,1
DA:47,1
DA:48,1
DA:49,1
DA:50,1
DA:51,1
DA:52,1
DA:53,1
DA:54,1
DA:55,1
DA:56,1
DA:57,1
DA:58,1
DA:59,1
DA:60,1
LF:60
LH:60
BRDA:23,0,0,0
BRDA:23,1,0,0
BRDA:21,2,0,3
BRDA:29,3,0,3
BRDA:33,4,0,1
BRDA:36,5,0,2
BRDA:40,6,0,1
BRF:7
BRH:5
end_of_record
TN:
SF:src/modules/users/services/CreateUserService.ts
FN:16,CreateUserService
FN:24,execute
FNF:2
FNH:2
FNDA:5,CreateUserService
FNDA:5,execute
DA:1,1
DA:2,1
DA:3,1
DA:4,1
DA:5,1
DA:6,1
DA:7,1
DA:8,1
DA:9,1
DA:10,1
DA:11,1
DA:12,1
DA:13,1
DA:14,1
DA:15,1
DA:16,1
DA:17,5
DA:18,5
DA:19,5
DA:20,5
DA:21,5
DA:22,5
DA:23,1
DA:24,1
DA:25,5
DA:26,5
DA:27,5
DA:28,5
DA:29,1
DA:30,1
DA:31,4
DA:32,4
DA:33,4
DA:34,4
DA:35,4
DA:36,4
DA:37,4
DA:38,4
DA:39,4
DA:40,4
DA:41,4
DA:42,1
DA:43,1
DA:44,1
LF:44
LH:44
BRDA:18,0,0,0
BRDA:18,1,0,0
BRDA:21,2,0,0
BRDA:21,3,0,0
BRDA:16,4,0,5
BRDA:24,5,0,5
BRDA:28,6,0,1
BRDA:31,7,0,4
BRF:8
BRH:4
end_of_record
TN:
SF:src/modules/users/services/ResetPasswordService.ts
FN:17,ResetPasswordService
FN:28,execute
FNF:2
FNH:2
FNDA:4,ResetPasswordService
FNDA:4,execute
DA:1,1
DA:2,1
DA:3,1
DA:4,1
DA:5,1
DA:6,1
DA:7,1
DA:8,1
DA:9,1
DA:10,1
DA:11,1
DA:12,1
DA:13,1
DA:14,1
DA:15,1
DA:16,1
DA:17,1
DA:18,4
DA:19,4
DA:20,4
DA:21,4
DA:22,4
DA:23,4
DA:24,4
DA:25,4
DA:26,4
DA:27,1
DA:28,1
DA:29,4
DA:30,4
DA:31,4
DA:32,1
DA:33,1
DA:34,3
DA:35,3
DA:36,3
DA:37,4
DA:38,1
DA:39,1
DA:40,2
DA:41,2
DA:42,2
DA:43,2
DA:44,2
DA:45,4
DA:46,1
DA:47,1
DA:48,1
DA:49,1
DA:50,1
DA:51,1
DA:52,1
DA:53,1
DA:54,1
DA:55,1
DA:56,1
DA:57,1
LF:57
LH:57
BRDA:19,0,0,0
BRDA:19,1,0,0
BRDA:22,2,0,0
BRDA:22,3,0,0
BRDA:25,4,0,0
BRDA:25,5,0,0
BRDA:17,6,0,4
BRDA:28,7,0,4
BRDA:31,8,0,1
BRDA:34,9,0,3
BRDA:37,10,0,1
BRDA:40,11,0,2
BRDA:45,12,0,1
BRF:13
BRH:7
end_of_record
TN:
SF:src/modules/users/services/SendForgotPasswordService.ts
FN:16,SendForgotPasswordService
FN:27,execute
FNF:2
FNH:2
FNDA:3,SendForgotPasswordService
FNDA:3,execute
DA:1,1
DA:2,1
DA:3,1
DA:4,1
DA:5,1
DA:6,1
DA:7,1
DA:8,1
DA:9,1
DA:10,1
DA:11,1
DA:12,1
DA:13,1
DA:14,1
DA:15,1
DA:16,1
DA:17,3
DA:18,3
DA:19,3
DA:20,3
DA:21,3
DA:22,3
DA:23,3
DA:24,3
DA:25,3
DA:26,1
DA:27,1
DA:28,3
DA:29,3
DA:30,3
DA:31,1
DA:32,1
DA:33,2
DA:34,2
DA:35,2
DA:36,2
DA:37,2
DA:38,2
DA:39,2
DA:40,2
DA:41,2
DA:42,2
DA:43,2
DA:44,2
DA:45,2
DA:46,2
DA:47,2
DA:48,2
DA:49,2
DA:50,2
DA:51,2
DA:52,2
DA:53,2
DA:54,2
DA:55,2
DA:56,2
DA:57,2
DA:58,1
DA:59,1
DA:60,1
LF:60
LH:60
BRDA:18,0,0,0
BRDA:18,1,0,0
BRDA:21,2,0,0
BRDA:21,3,0,0
BRDA:24,4,0,0
BRDA:24,5,0,0
BRDA:16,6,0,3
BRDA:27,7,0,3
BRDA:30,8,0,1
BRDA:33,9,0,2
BRF:10
BRH:4
end_of_record
TN:
SF:src/modules/users/services/ShowProfileService.ts
FN:13,ShowProfileService
FN:18,execute
FNF:2
FNH:2
FNDA:2,ShowProfileService
FNDA:2,execute
DA:1,1
DA:2,1
DA:3,1
DA:4,1
DA:5,1
DA:6,1
DA:7,1
DA:8,1
DA:9,1
DA:10,1
DA:11,1
DA:12,1
DA:13,1
DA:14,2
DA:15,2
DA:16,2
DA:17,1
DA:18,1
DA:19,2
DA:20,2
DA:21,2
DA:22,1
DA:23,1
DA:24,1
DA:25,1
DA:26,1
DA:27,1
DA:28,1
DA:29,1
LF:29
LH:29
BRDA:13,0,0,2
BRDA:18,1,0,2
BRDA:21,2,0,1
BRF:3
BRH:3
end_of_record
TN:
SF:src/modules/users/services/UpdateProfileService.ts
FN:18,UpdateProfileService
FN:26,execute
FNF:2
FNH:2
FNDA:5,UpdateProfileService
FNDA:5,execute
DA:1,1
DA:2,1
DA:3,1
DA:4,1
DA:5,1
DA:6,1
DA:7,1
DA:8,1
DA:9,1
DA:10,1
DA:11,1
DA:12,1
DA:13,1
DA:14,1
DA:15,1
DA:16,1
DA:17,1
DA:18,1
DA:19,5
DA:20,5
DA:21,5
DA:22,5
DA:23,5
DA:24,5
DA:25,1
DA:26,1
DA:27,5
DA:28,5
DA:29,5
DA:30,0
DA:31,0
DA:32,5
DA:33,5
DA:34,5
DA:35,5
DA:36,1
DA:37,1
DA:38,4
DA:39,4
DA:40,4
DA:41,4
DA:42,5
DA:43,1
DA:44,1
DA:45,3
DA:46,3
DA:47,5
DA:48,2
DA:49,2
DA:50,1
DA:51,1
DA:52,1
DA:53,1
DA:54,2
DA:55,2
DA:56,2
DA:57,2
DA:58,2
DA:59,1
DA:60,1
DA:61,1
LF:61
LH:59
BRDA:20,0,0,0
BRDA:20,1,0,0
BRDA:18,2,0,5
BRDA:26,3,0,5
BRDA:29,4,0,0
BRDA:35,5,0,1
BRDA:38,6,0,4
BRDA:42,7,0,3
BRDA:42,8,0,1
BRDA:45,9,0,3
BRDA:47,10,0,2
BRDA:47,11,0,2
BRDA:49,12,0,1
BRF:13
BRH:10
end_of_record
TN:
SF:src/modules/users/services/UpdateUserAvatarService.ts
FN:2,__decorate
FN:22,__metadata
FN:26,__param
FN:30,__importDefault
FNF:4
FNH:4
FNDA:1,__decorate
FNDA:1,__metadata
FNDA:2,__param
FNDA:3,__importDefault
DA:1,1
DA:2,1
DA:3,1
DA:4,0
DA:5,1
DA:6,1
DA:7,1
DA:8,1
DA:9,1
DA:10,0
DA:11,0
DA:12,0
DA:13,0
DA:14,0
DA:15,0
DA:16,0
DA:17,1
DA:18,1
DA:19,0
DA:20,1
DA:21,1
DA:22,1
DA:23,1
DA:24,1
DA:25,1
DA:26,1
DA:27,2
DA:28,2
DA:29,2
DA:30,1
DA:31,3
DA:32,3
DA:33,1
DA:34,1
DA:35,1
DA:36,1
DA:37,1
DA:38,1
DA:39,1
DA:40,1
DA:41,1
DA:42,1
DA:43,1
LF:43
LH:34
BRDA:1,0,0,1
BRDA:2,1,0,1
BRDA:3,2,0,0
BRDA:9,3,0,0
BRDA:17,4,0,0
BRDA:19,5,0,0
BRDA:22,6,0,1
BRDA:26,7,0,2
BRDA:27,8,0,2
BRDA:30,9,0,3
BRDA:33,10,0,0
BRF:11
BRH:6
end_of_record
TN:
SF:src/shared/container/providers/MailProvider/fakes/FakeMailProvider.ts
FN:4,FakeMailProvider
FN:8,sendMail
FNF:2
FNH:2
FNDA:3,FakeMailProvider
FNDA:2,sendMail
DA:1,1
DA:2,1
DA:3,1
DA:4,3
DA:5,3
DA:6,3
DA:7,3
DA:8,3
DA:9,2
DA:10,2
DA:11,2
DA:12,3
LF:12
LH:12
BRDA:4,0,0,3
BRDA:8,1,0,2
BRF:2
BRH:2
end_of_record
TN:
SF:src/shared/container/providers/MailProvider/models/IMailProvider.ts
FNF:0
FNH:0
DA:1,1
DA:2,1
DA:3,1
DA:4,1
DA:5,1
LF:5
LH:5
BRF:0
BRH:0
end_of_record
TN:
SF:src/shared/container/providers/StorageProvider/fakes/FakeStorageProvider.ts
FN:3,FakeStorageProvider
FN:5,saveFile
FN:8,deleteFile
FNF:3
FNH:3
FNDA:3,FakeStorageProvider
FNDA:3,saveFile
FNDA:1,deleteFile
DA:1,1
DA:2,1
DA:3,1
DA:4,3
DA:5,1
DA:6,3
DA:7,3
DA:8,1
DA:9,1
DA:10,1
DA:11,1
DA:12,1
DA:13,1
DA:14,1
DA:15,1
DA:16,1
DA:17,1
DA:18,1
DA:19,1
LF:19
LH:19
BRDA:1,0,0,1
BRDA:3,1,0,3
BRDA:5,2,0,3
BRDA:8,3,0,1
BRDA:13,4,0,1
BRF:5
BRH:5
end_of_record
TN:
SF:src/shared/container/providers/StorageProvider/models/IStorageProvider.ts
FNF:0
FNH:0
DA:1,1
DA:2,1
DA:3,1
DA:4,1
LF:4
LH:4
BRF:0
BRH:0
end_of_record
TN:
SF:src/shared/errors/AppError.ts
FN:5,Error
FNF:1
FNH:1
FNDA:5,Error
DA:1,1
DA:2,1
DA:3,1
DA:4,1
DA:5,1
DA:6,5
DA:7,5
DA:8,5
DA:9,1
DA:10,1
DA:11,1
LF:11
LH:11
BRDA:5,0,0,5
BRF:1
BRH:1
end_of_record
