TN:
SF:src/config/auth.ts
FNF:0
FNH:0
DA:1,1
DA:2,1
DA:3,1
DA:4,1
DA:5,1
DA:6,1
LF:6
LH:6
BRF:0
BRH:0
end_of_record
TN:
SF:src/modules/appointments/infra/typeorm/entities/Appointment.ts
FNF:0
FNH:0
DA:1,1
DA:2,1
DA:3,1
DA:4,1
DA:5,1
DA:6,1
DA:7,1
DA:8,1
DA:9,1
DA:10,1
DA:11,1
DA:12,1
DA:13,1
DA:14,1
DA:15,1
DA:16,1
DA:17,1
DA:18,1
DA:19,1
DA:20,1
DA:21,1
DA:22,1
DA:23,1
DA:24,1
DA:25,1
DA:26,1
DA:27,1
DA:28,1
LF:28
LH:28
BRF:0
BRH:0
end_of_record
TN:
SF:src/modules/appointments/repositories/IAppointmensRepository.ts
FNF:0
FNH:0
DA:1,1
DA:2,1
DA:3,1
DA:4,1
DA:5,1
DA:6,1
DA:7,1
DA:8,1
DA:9,1
LF:9
LH:9
BRF:0
BRH:0
end_of_record
TN:
SF:src/modules/appointments/repositories/fakes/FakeAppointmentsRepository.ts
FN:9,FakeAppointmentsRepository
FN:12,findByDate
FN:20,findAllByProvider
FN:27,create
FNF:4
FNH:4
FNDA:3,FakeAppointmentsRepository
FNDA:6,findByDate
FNDA:1,findAllByProvider
FNDA:5,create
DA:1,1
DA:2,1
DA:3,1
DA:4,1
DA:5,1
DA:6,1
DA:7,1
DA:8,1
DA:9,3
DA:10,3
DA:11,3
DA:12,3
DA:13,6
DA:14,6
DA:15,6
DA:16,6
DA:17,6
DA:18,6
DA:19,3
DA:20,3
DA:21,1
DA:22,1
DA:23,1
DA:24,1
DA:25,1
DA:26,3
DA:27,3
DA:28,5
DA:29,5
DA:30,5
DA:31,5
DA:32,5
DA:33,3
DA:34,1
DA:35,1
LF:35
LH:35
BRDA:9,0,0,3
BRDA:12,1,0,6
BRDA:17,2,0,5
BRDA:13,3,0,4
BRDA:20,4,0,1
BRDA:22,5,0,3
BRDA:27,6,0,5
BRF:7
BRH:7
end_of_record
TN:
SF:src/modules/appointments/services/CreateAppointmentService.ts
FN:15,CreateAppointmentService
FN:20,execute
FNF:2
FNH:2
FNDA:3,CreateAppointmentService
FNDA:6,execute
DA:1,1
DA:2,1
DA:3,1
DA:4,1
DA:5,1
DA:6,1
DA:7,1
DA:8,1
DA:9,1
DA:10,1
DA:11,1
DA:12,1
DA:13,1
DA:14,1
DA:15,1
DA:16,3
DA:17,3
DA:18,3
DA:19,1
DA:20,1
DA:21,6
DA:22,6
DA:23,6
DA:24,6
DA:25,6
DA:26,6
DA:27,6
DA:28,1
DA:29,1
DA:30,5
DA:31,5
DA:32,5
DA:33,5
DA:34,5
DA:35,5
DA:36,5
DA:37,5
DA:38,5
DA:39,1
DA:40,1
DA:41,1
LF:41
LH:41
BRDA:15,0,0,3
BRDA:20,1,0,6
BRDA:27,2,0,1
BRDA:30,3,0,5
BRF:4
BRH:4
end_of_record
TN:
SF:src/modules/appointments/services/ListAppointmentsService.ts
FN:12,ListAppointmentsService
FN:17,execute
FNF:2
FNH:2
FNDA:1,ListAppointmentsService
FNDA:1,execute
DA:1,1
DA:2,1
DA:3,1
DA:4,1
DA:5,1
DA:6,1
DA:7,1
DA:8,1
DA:9,1
DA:10,1
DA:11,1
DA:12,1
DA:13,1
DA:14,1
DA:15,1
DA:16,1
DA:17,1
DA:18,1
DA:19,1
DA:20,1
DA:21,1
DA:22,1
DA:23,1
DA:24,1
LF:24
LH:24
BRDA:12,0,0,1
BRDA:17,1,0,1
BRF:2
BRH:2
end_of_record
TN:
SF:src/modules/users/infra/typeorm/entities/User.ts
FNF:0
FNH:0
DA:1,1
DA:2,1
DA:3,1
DA:4,1
DA:5,1
DA:6,1
DA:7,1
DA:8,1
DA:9,1
DA:10,1
DA:11,1
DA:12,1
DA:13,1
DA:14,1
DA:15,1
DA:16,1
DA:17,1
DA:18,1
DA:19,1
DA:20,1
DA:21,1
DA:22,1
DA:23,1
DA:24,1
DA:25,1
DA:26,1
DA:27,1
DA:28,1
DA:29,1
LF:29
LH:29
BRF:0
BRH:0
end_of_record
TN:
SF:src/modules/users/infra/typeorm/entities/UserToken.ts
FNF:0
FNH:0
DA:1,1
DA:2,1
DA:3,1
DA:4,1
DA:5,1
DA:6,1
DA:7,1
DA:8,1
DA:9,1
DA:10,1
DA:11,1
DA:12,1
DA:13,1
DA:14,1
DA:15,1
DA:16,1
DA:17,1
DA:18,1
DA:19,1
DA:20,1
DA:21,1
DA:22,1
DA:23,1
DA:24,1
LF:24
LH:24
BRF:0
BRH:0
end_of_record
TN:
SF:src/modules/users/providers/HashProvider/fakes/FakeHashProvider.ts
FN:5,generateHash
FN:9,compareHash
FNF:2
FNH:2
FNDA:5,generateHash
FNDA:2,compareHash
DA:1,1
DA:2,1
DA:3,1
DA:4,1
DA:5,1
DA:6,5
DA:7,1
DA:8,1
DA:9,1
DA:10,2
DA:11,1
DA:12,1
LF:12
LH:12
BRDA:5,0,0,5
BRDA:9,1,0,2
BRF:2
BRH:2
end_of_record
TN:
SF:src/modules/users/providers/HashProvider/models/IHashProvider.ts
FNF:0
FNH:0
DA:1,1
DA:2,1
DA:3,1
DA:4,1
LF:4
LH:4
BRF:0
BRH:0
end_of_record
TN:
SF:src/modules/users/repositories/IUserTokenRepository.ts
FNF:0
FNH:0
DA:1,1
DA:2,1
DA:3,1
DA:4,1
DA:5,1
DA:6,1
DA:7,1
LF:7
LH:7
BRF:0
BRH:0
end_of_record
TN:
SF:src/modules/users/repositories/IUsersRepository.ts
FNF:0
FNH:0
DA:1,1
DA:2,1
DA:3,1
DA:4,1
DA:5,1
DA:6,1
DA:7,1
DA:8,1
DA:9,1
LF:9
LH:9
BRF:0
BRH:0
end_of_record
TN:
SF:src/modules/users/repositories/fakes/FakeUserRepository.ts
FN:6,FakeUsersRepository
FN:9,findById
FN:14,findByEmail
FN:19,create
FN:26,save
FNF:5
FNH:5
FNDA:9,FakeUsersRepository
FNDA:8,findById
FNDA:6,findByEmail
FNDA:6,create
FNDA:4,save
DA:1,1
DA:2,1
DA:3,1
DA:4,1
DA:5,1
DA:6,9
DA:7,9
DA:8,9
DA:9,9
DA:10,8
DA:11,8
DA:12,8
DA:13,9
DA:14,9
DA:15,6
DA:16,6
DA:17,6
DA:18,9
DA:19,9
DA:20,6
DA:21,6
DA:22,6
DA:23,6
DA:24,6
DA:25,9
DA:26,9
DA:27,4
DA:28,4
DA:29,4
DA:30,4
DA:31,9
DA:32,1
DA:33,1
LF:33
LH:33
BRDA:6,0,0,9
BRDA:9,1,0,8
BRDA:11,2,0,2
BRDA:10,3,0,6
BRDA:14,4,0,6
BRDA:16,5,0,3
BRDA:15,6,0,3
BRDA:19,7,0,6
BRDA:26,8,0,4
BRDA:27,9,0,4
BRF:10
BRH:10
end_of_record
TN:
SF:src/modules/users/repositories/fakes/FakeUserTokenRepository.ts
FN:5,FakeUserTokenRepository
FN:8,generete
FN:24,findByToken
FNF:3
FNH:3
FNDA:7,FakeUserTokenRepository
FNDA:5,generete
FNDA:4,findByToken
DA:1,1
DA:2,1
DA:3,1
DA:4,1
DA:5,7
DA:6,7
DA:7,7
DA:8,7
DA:9,5
DA:10,5
DA:11,5
DA:12,5
DA:13,5
DA:14,5
DA:15,5
DA:16,5
DA:17,5
DA:18,5
DA:19,5
DA:20,5
DA:21,5
DA:22,5
DA:23,7
DA:24,7
DA:25,4
DA:26,4
DA:27,4
DA:28,4
DA:29,7
DA:30,7
DA:31,7
DA:32,1
DA:33,1
LF:33
LH:33
BRDA:5,0,0,7
BRDA:8,1,0,5
BRDA:24,2,0,4
BRDA:26,3,0,1
BRDA:25,4,0,3
BRF:5
BRH:5
end_of_record
TN:
SF:src/modules/users/services/AuthenticateUserService.ts
FN:21,AuthenticateUserService
FN:29,execute
FNF:2
FNH:2
FNDA:3,AuthenticateUserService
FNDA:3,execute
DA:1,1
DA:2,1
DA:3,1
DA:4,1
DA:5,1
DA:6,1
DA:7,1
DA:8,1
DA:9,1
DA:10,1
DA:11,1
DA:12,1
DA:13,1
DA:14,1
DA:15,1
DA:16,1
DA:17,1
DA:18,1
DA:19,1
DA:20,1
DA:21,1
DA:22,3
DA:23,3
DA:24,3
DA:25,3
DA:26,3
DA:27,3
DA:28,1
DA:29,1
DA:30,3
DA:31,3
DA:32,3
DA:33,3
DA:34,1
DA:35,1
DA:36,2
DA:37,2
DA:38,2
DA:39,2
DA:40,3
DA:41,1
DA:42,1
DA:43,1
DA:44,1
DA:45,1
DA:46,1
DA:47,1
DA:48,1
DA:49,1
DA:50,1
DA:51,1
DA:52,1
DA:53,1
DA:54,1
DA:55,1
DA:56,1
DA:57,1
DA:58,1
DA:59,1
DA:60,1
LF:60
LH:60
BRDA:23,0,0,0
BRDA:23,1,0,0
BRDA:21,2,0,3
BRDA:29,3,0,3
BRDA:33,4,0,1
BRDA:36,5,0,2
BRDA:40,6,0,1
BRF:7
BRH:5
end_of_record
TN:
SF:src/modules/users/services/CreateUserService.ts
FN:16,CreateUserService
FN:24,execute
FNF:2
FNH:2
FNDA:4,CreateUserService
FNDA:5,execute
DA:1,1
DA:2,1
DA:3,1
DA:4,1
DA:5,1
DA:6,1
DA:7,1
DA:8,1
DA:9,1
DA:10,1
DA:11,1
DA:12,1
DA:13,1
DA:14,1
DA:15,1
DA:16,1
DA:17,4
DA:18,4
DA:19,4
DA:20,4
DA:21,4
DA:22,4
DA:23,1
DA:24,1
DA:25,5
DA:26,5
DA:27,5
DA:28,5
DA:29,1
DA:30,1
DA:31,4
DA:32,4
DA:33,4
DA:34,4
DA:35,4
DA:36,4
DA:37,4
DA:38,4
DA:39,4
DA:40,4
DA:41,4
DA:42,1
DA:43,1
DA:44,1
LF:44
LH:44
BRDA:18,0,0,0
BRDA:18,1,0,0
BRDA:21,2,0,0
BRDA:21,3,0,0
BRDA:16,4,0,4
BRDA:24,5,0,5
BRDA:28,6,0,1
BRDA:31,7,0,4
BRF:8
BRH:4
end_of_record
TN:
SF:src/modules/users/services/ResetPasswordService.ts
FN:17,ResetPasswordService
FN:28,execute
FNF:2
FNH:2
FNDA:4,ResetPasswordService
FNDA:4,execute
DA:1,1
DA:2,1
DA:3,1
DA:4,1
DA:5,1
DA:6,1
DA:7,1
DA:8,1
DA:9,1
DA:10,1
DA:11,1
DA:12,1
DA:13,1
DA:14,1
DA:15,1
DA:16,1
DA:17,1
DA:18,4
DA:19,4
DA:20,4
DA:21,4
DA:22,4
DA:23,4
DA:24,4
DA:25,4
DA:26,4
DA:27,1
DA:28,1
DA:29,4
DA:30,4
DA:31,4
DA:32,1
DA:33,1
DA:34,3
DA:35,3
DA:36,3
DA:37,4
DA:38,1
DA:39,1
DA:40,2
DA:41,2
DA:42,2
DA:43,2
DA:44,2
DA:45,4
DA:46,1
DA:47,1
DA:48,1
DA:49,1
DA:50,1
DA:51,1
DA:52,1
DA:53,1
DA:54,1
DA:55,1
DA:56,1
DA:57,1
LF:57
LH:57
BRDA:19,0,0,0
BRDA:19,1,0,0
BRDA:22,2,0,0
BRDA:22,3,0,0
BRDA:25,4,0,0
BRDA:25,5,0,0
BRDA:17,6,0,4
BRDA:28,7,0,4
BRDA:31,8,0,1
BRDA:34,9,0,3
BRDA:37,10,0,1
BRDA:40,11,0,2
BRDA:45,12,0,1
BRF:13
BRH:7
end_of_record
TN:
SF:src/modules/users/services/SendForgotPasswordService.ts
FN:15,SendForgotPasswordService
FN:26,execute
FNF:2
FNH:2
FNDA:3,SendForgotPasswordService
FNDA:3,execute
DA:1,1
DA:2,1
DA:3,1
DA:4,1
DA:5,1
DA:6,1
DA:7,1
DA:8,1
DA:9,1
DA:10,1
DA:11,1
DA:12,1
DA:13,1
DA:14,1
DA:15,1
DA:16,3
DA:17,3
DA:18,3
DA:19,3
DA:20,3
DA:21,3
DA:22,3
DA:23,3
DA:24,3
DA:25,1
DA:26,1
DA:27,3
DA:28,3
DA:29,3
DA:30,1
DA:31,1
DA:32,2
DA:33,2
DA:34,2
DA:35,2
DA:36,1
DA:37,1
DA:38,1
LF:38
LH:38
BRDA:17,0,0,0
BRDA:17,1,0,0
BRDA:20,2,0,0
BRDA:20,3,0,0
BRDA:23,4,0,0
BRDA:23,5,0,0
BRDA:15,6,0,3
BRDA:26,7,0,3
BRDA:29,8,0,1
BRDA:32,9,0,2
BRF:10
BRH:4
end_of_record
TN:
SF:src/modules/users/services/UpdateUserAvatarService.ts
FN:15,UpdateUserAvatarService
FN:23,execute
FNF:2
FNH:2
FNDA:3,UpdateUserAvatarService
FNDA:4,execute
DA:1,1
DA:2,1
DA:3,1
DA:4,1
DA:5,1
DA:6,1
DA:7,1
DA:8,1
DA:9,1
DA:10,1
DA:11,1
DA:12,1
DA:13,1
DA:14,1
DA:15,1
DA:16,3
DA:17,3
DA:18,3
DA:19,3
DA:20,3
DA:21,3
DA:22,1
DA:23,1
DA:24,4
DA:25,4
DA:26,4
DA:27,1
DA:28,1
DA:29,3
DA:30,3
DA:31,3
DA:32,4
DA:33,1
DA:34,1
DA:35,3
DA:36,3
DA:37,3
DA:38,3
DA:39,3
DA:40,3
DA:41,1
DA:42,1
DA:43,1
LF:43
LH:43
BRDA:17,0,0,0
BRDA:17,1,0,0
BRDA:15,2,0,3
BRDA:23,3,0,4
BRDA:26,4,0,1
BRDA:29,5,0,3
BRDA:32,6,0,1
BRDA:35,7,0,3
BRF:8
BRH:6
end_of_record
TN:
SF:src/shared/container/providers/MailProvider/fakes/FakeMailProvider.ts
FN:8,FakeMailProvider
FN:12,sendMail
FNF:2
FNH:2
FNDA:3,FakeMailProvider
FNDA:2,sendMail
DA:1,1
DA:2,1
DA:3,1
DA:4,1
DA:5,1
DA:6,1
DA:7,1
DA:8,3
DA:9,3
DA:10,3
DA:11,3
DA:12,3
DA:13,2
DA:14,2
DA:15,2
DA:16,2
DA:17,2
DA:18,2
DA:19,3
LF:19
LH:19
BRDA:8,0,0,3
BRDA:12,1,0,2
BRF:2
BRH:2
end_of_record
TN:
SF:src/shared/container/providers/MailProvider/models/IMailProvider.ts
FNF:0
FNH:0
DA:1,1
DA:2,1
DA:3,1
LF:3
LH:3
BRF:0
BRH:0
end_of_record
TN:
SF:src/shared/container/providers/StorageProvider/fakes/FakeStorageProvider.ts
FN:3,FakeStorageProvider
FN:7,saveFile
FN:13,deleteFile
FNF:3
FNH:3
FNDA:3,FakeStorageProvider
FNDA:3,saveFile
FNDA:1,deleteFile
DA:1,1
DA:2,1
DA:3,3
DA:4,3
DA:5,3
DA:6,3
DA:7,3
DA:8,3
DA:9,3
DA:10,3
DA:11,3
DA:12,3
DA:13,3
DA:14,1
DA:15,1
DA:16,1
DA:17,1
DA:18,1
DA:19,3
LF:19
LH:19
BRDA:3,0,0,3
BRDA:7,1,0,3
BRDA:13,2,0,1
BRDA:15,3,0,1
BRF:4
BRH:4
end_of_record
TN:
SF:src/shared/container/providers/StorageProvider/models/IStorageProvider.ts
FNF:0
FNH:0
DA:1,1
DA:2,1
DA:3,1
DA:4,1
LF:4
LH:4
BRF:0
BRH:0
end_of_record
TN:
SF:src/shared/errors/AppError.ts
FN:5,Error
FNF:1
FNH:1
FNDA:5,Error
DA:1,1
DA:2,1
DA:3,1
DA:4,1
DA:5,1
DA:6,5
DA:7,5
DA:8,5
DA:9,1
DA:10,1
DA:11,1
LF:11
LH:11
BRDA:5,0,0,5
BRF:1
BRH:1
end_of_record
